<?xml version="1.0" encoding="UTF-8"?>
<Site BuildName="Linux-clang++"
	BuildStamp="20240507-1157-Experimental"
	Name="LAPTOP-NP2NJ27F"
	Generator="ctest-3.22.1"
	CompilerName="/usr/bin/clang++"
	CompilerVersion="14.0.0"
	OSName="Linux"
	Hostname="LAPTOP-NP2NJ27F"
	OSRelease="5.10.16.3-microsoft-standard-WSL2"
	OSVersion="#1 SMP Fri Apr 2 22:23:49 UTC 2021"
	OSPlatform="x86_64"
	Is64Bits="1"
	VendorString="GenuineIntel"
	VendorID="Intel Corporation"
	FamilyID="6"
	ModelID="186"
	ProcessorCacheSize="12288"
	NumberOfLogicalCPU="16"
	NumberOfPhysicalCPU="8"
	TotalVirtualMemory="2048"
	TotalPhysicalMemory="7826"
	LogicalProcessorsPerPhysical="2"
	ProcessorClockFrequency="2188.62"
	>
	<Testing>
		<StartDateTime>May 07 20:34 CST</StartDateTime>
		<StartTestTime>1715085292</StartTestTime>
		<TestList/>
		<EndDateTime>May 07 20:34 CST</EndDateTime>
		<EndTestTime>1715085292</EndTestTime>
		<ElapsedMinutes>0</ElapsedMinutes>
	</Testing>
</Site>
